<?xml version="1.0" encoding="UTF-8"?>
<!-- Generated by org.testng.reporters.JUnitXMLReporter -->
<testsuite hostname="DESKTOP-P004O12" ignored="0" name="Test" tests="3" failures="0" timestamp="05 Jul 2021 01:02:09 GMT" time="141.095" errors="0">
  <testcase name="feature" time="12.978" classname="cucumber.api.testng.AbstractTestNGCucumberTests"/>
  <testcase name="feature" time="98.621" classname="cucumber.api.testng.AbstractTestNGCucumberTests"/>
  <testcase name="feature" time="28.077" classname="cucumber.api.testng.AbstractTestNGCucumberTests"/>
</testsuite> <!-- Test -->
