<?xml version="1.0" encoding="UTF-8"?>
<testng-results skipped="0" failed="0" ignored="0" total="3" passed="3">
  <reporter-output>
  </reporter-output>
  <suite name="Suite" duration-ms="141095" started-at="2021-07-05T00:59:48Z" finished-at="2021-07-05T01:02:09Z">
    <groups>
      <group name="cucumber">
        <method signature="AbstractTestNGCucumberTests.feature(cucumber.api.testng.CucumberFeatureWrapper)[pri:0, instance:runner.TestRunner@1e88b3c]" name="feature" class="cucumber.api.testng.AbstractTestNGCucumberTests"/>
      </group> <!-- cucumber -->
    </groups>
    <test name="Test" duration-ms="141095" started-at="2021-07-05T00:59:48Z" finished-at="2021-07-05T01:02:09Z">
      <class name="runner.TestRunner">
        <test-method status="PASS" signature="setUpClass()[pri:0, instance:runner.TestRunner@1e88b3c]" name="setUpClass" is-config="true" duration-ms="519" started-at="2021-07-05T00:59:48Z" finished-at="2021-07-05T00:59:48Z">
          <reporter-output>
          </reporter-output>
        </test-method> <!-- setUpClass -->
        <test-method status="PASS" signature="feature(cucumber.api.testng.CucumberFeatureWrapper)[pri:0, instance:runner.TestRunner@1e88b3c]" name="feature" duration-ms="12978" started-at="2021-07-05T00:59:48Z" description="Runs Cucumber Feature" data-provider="features" finished-at="2021-07-05T01:00:01Z">
          <params>
            <param index="0">
              <value>
                <![CDATA[Login Feature]]>
              </value>
            </param>
          </params>
          <reporter-output>
          </reporter-output>
        </test-method> <!-- feature -->
        <test-method status="PASS" signature="feature(cucumber.api.testng.CucumberFeatureWrapper)[pri:0, instance:runner.TestRunner@1e88b3c]" name="feature" duration-ms="98621" started-at="2021-07-05T01:00:01Z" description="Runs Cucumber Feature" data-provider="features" finished-at="2021-07-05T01:01:40Z">
          <params>
            <param index="0">
              <value>
                <![CDATA[Project Feature]]>
              </value>
            </param>
          </params>
          <reporter-output>
          </reporter-output>
        </test-method> <!-- feature -->
        <test-method status="PASS" signature="feature(cucumber.api.testng.CucumberFeatureWrapper)[pri:0, instance:runner.TestRunner@1e88b3c]" name="feature" duration-ms="28077" started-at="2021-07-05T01:01:40Z" description="Runs Cucumber Feature" data-provider="features" finished-at="2021-07-05T01:02:08Z">
          <params>
            <param index="0">
              <value>
                <![CDATA[Project details Feature]]>
              </value>
            </param>
          </params>
          <reporter-output>
          </reporter-output>
        </test-method> <!-- feature -->
        <test-method status="PASS" signature="tearDownClass()[pri:0, instance:runner.TestRunner@1e88b3c]" name="tearDownClass" is-config="true" duration-ms="673" started-at="2021-07-05T01:02:08Z" finished-at="2021-07-05T01:02:09Z">
          <reporter-output>
          </reporter-output>
        </test-method> <!-- tearDownClass -->
      </class> <!-- runner.TestRunner -->
    </test> <!-- Test -->
  </suite> <!-- Suite -->
</testng-results>
